# JRE version: Java(TM) SE Runtime Environment (8.0_172-b11) (build 1.8.0_172-b11)
# Java VM: Java HotSpot(TM) 64-Bit Server VM (25.172-b11 mixed mode windows-amd64 compressed oops)
Heap:
 PSYoungGen      total 144384K, used 86405K [0x00000000eab00000, 0x00000000f5880000, 0x0000000100000000)
  eden space 120320K, 68% used [0x00000000eab00000,0x00000000efb296e0,0x00000000f2080000)
  from space 24064K, 17% used [0x00000000f4100000,0x00000000f4538030,0x00000000f5880000)
  to   space 28672K, 0% used [0x00000000f2080000,0x00000000f2080000,0x00000000f3c80000)
 ParOldGen       total 138752K, used 67472K [0x00000000c0000000, 0x00000000c8780000, 0x00000000eab00000)
  object space 138752K, 48% used [0x00000000c0000000,0x00000000c41e4090,0x00000000c8780000)
 Metaspace       used 80294K, capacity 84736K, committed 85040K, reserved 1122304K
  class space    used 10299K, capacity 11201K, committed 11312K, reserved 1048576K
GC Heap History (10 events):
Event: 12780.747 GC heap before
{Heap before GC invocations=32 (full 4):
 PSYoungGen      total 159232K, used 137696K [0x00000000eab00000, 0x00000000f6d80000, 0x0000000100000000)
  eden space 125952K, 100% used [0x00000000eab00000,0x00000000f2600000,0x00000000f2600000)
  from space 33280K, 35% used [0x00000000f2600000,0x00000000f3178050,0x00000000f4680000)
  to   space 32256K, 0% used [0x00000000f4e00000,0x00000000f4e00000,0x00000000f6d80000)
 ParOldGen       total 138752K, used 67432K [0x00000000c0000000, 0x00000000c8780000, 0x00000000eab00000)
  object space 138752K, 48% used [0x00000000c0000000,0x00000000c41da090,0x00000000c8780000)
 Metaspace       used 79397K, capacity 83398K, committed 83632K, reserved 1122304K
  class space    used 10241K, capacity 11102K, committed 11184K, reserved 1048576K
Event: 12782.507 GC heap after
Heap after GC invocations=32 (full 4):
 PSYoungGen      total 160768K, used 10624K [0x00000000eab00000, 0x00000000f6900000, 0x0000000100000000)
  eden space 133120K, 0% used [0x00000000eab00000,0x00000000eab00000,0x00000000f2d00000)
  from space 27648K, 38% used [0x00000000f4e00000,0x00000000f5860030,0x00000000f6900000)
  to   space 30720K, 0% used [0x00000000f2d00000,0x00000000f2d00000,0x00000000f4b00000)
 ParOldGen       total 138752K, used 67440K [0x00000000c0000000, 0x00000000c8780000, 0x00000000eab00000)
  object space 138752K, 48% used [0x00000000c0000000,0x00000000c41dc090,0x00000000c8780000)
 Metaspace       used 79397K, capacity 83398K, committed 83632K, reserved 1122304K
  class space    used 10241K, capacity 11102K, committed 11184K, reserved 1048576K
}
Event: 14713.930 GC heap before
{Heap before GC invocations=33 (full 4):
 PSYoungGen      total 160768K, used 143744K [0x00000000eab00000, 0x00000000f6900000, 0x0000000100000000)
  eden space 133120K, 100% used [0x00000000eab00000,0x00000000f2d00000,0x00000000f2d00000)
  from space 27648K, 38% used [0x00000000f4e00000,0x00000000f5860030,0x00000000f6900000)
  to   space 30720K, 0% used [0x00000000f2d00000,0x00000000f2d00000,0x00000000f4b00000)
 ParOldGen       total 138752K, used 67440K [0x00000000c0000000, 0x00000000c8780000, 0x00000000eab00000)
  object space 138752K, 48% used [0x00000000c0000000,0x00000000c41dc090,0x00000000c8780000)
 Metaspace       used 79657K, capacity 84086K, committed 84272K, reserved 1122304K
  class space    used 10281K, capacity 11174K, committed 11312K, reserved 1048576K
Event: 14715.799 GC heap after
Heap after GC invocations=33 (full 4):
 PSYoungGen      total 163840K, used 10976K [0x00000000eab00000, 0x00000000f6d80000, 0x0000000100000000)
  eden space 133120K, 0% used [0x00000000eab00000,0x00000000eab00000,0x00000000f2d00000)
  from space 30720K, 35% used [0x00000000f2d00000,0x00000000f37b8050,0x00000000f4b00000)
  to   space 29696K, 0% used [0x00000000f5080000,0x00000000f5080000,0x00000000f6d80000)
 ParOldGen       total 138752K, used 67448K [0x00000000c0000000, 0x00000000c8780000, 0x00000000eab00000)
  object space 138752K, 48% used [0x00000000c0000000,0x00000000c41de090,0x00000000c8780000)
 Metaspace       used 79657K, capacity 84086K, committed 84272K, reserved 1122304K
  class space    used 10281K, capacity 11174K, committed 11312K, reserved 1048576K
}
Event: 15629.636 GC heap before
{Heap before GC invocations=34 (full 4):
 PSYoungGen      total 163840K, used 144096K [0x00000000eab00000, 0x00000000f6d80000, 0x0000000100000000)
  eden space 133120K, 100% used [0x00000000eab00000,0x00000000f2d00000,0x00000000f2d00000)
  from space 30720K, 35% used [0x00000000f2d00000,0x00000000f37b8050,0x00000000f4b00000)
  to   space 29696K, 0% used [0x00000000f5080000,0x00000000f5080000,0x00000000f6d80000)
 ParOldGen       total 138752K, used 67448K [0x00000000c0000000, 0x00000000c8780000, 0x00000000eab00000)
  object space 138752K, 48% used [0x00000000c0000000,0x00000000c41de090,0x00000000c8780000)
 Metaspace       used 79836K, capacity 84162K, committed 84528K, reserved 1122304K
  class space    used 10282K, capacity 11174K, committed 11312K, reserved 1048576K
Event: 15630.688 GC heap after
Heap after GC invocations=34 (full 4):
 PSYoungGen      total 144896K, used 11568K [0x00000000eab00000, 0x00000000f6080000, 0x0000000100000000)
  eden space 128512K, 0% used [0x00000000eab00000,0x00000000eab00000,0x00000000f2880000)
  from space 16384K, 70% used [0x00000000f5080000,0x00000000f5bcc020,0x00000000f6080000)
  to   space 28672K, 0% used [0x00000000f2880000,0x00000000f2880000,0x00000000f4480000)
 ParOldGen       total 138752K, used 67456K [0x00000000c0000000, 0x00000000c8780000, 0x00000000eab00000)
  object space 138752K, 48% used [0x00000000c0000000,0x00000000c41e0090,0x00000000c8780000)
 Metaspace       used 79836K, capacity 84162K, committed 84528K, reserved 1122304K
  class space    used 10282K, capacity 11174K, committed 11312K, reserved 1048576K
}
Event: 15939.838 GC heap before
{Heap before GC invocations=35 (full 4):
 PSYoungGen      total 144896K, used 140080K [0x00000000eab00000, 0x00000000f6080000, 0x0000000100000000)
  eden space 128512K, 100% used [0x00000000eab00000,0x00000000f2880000,0x00000000f2880000)
  from space 16384K, 70% used [0x00000000f5080000,0x00000000f5bcc020,0x00000000f6080000)
  to   space 28672K, 0% used [0x00000000f2880000,0x00000000f2880000,0x00000000f4480000)
 ParOldGen       total 138752K, used 67456K [0x00000000c0000000, 0x00000000c8780000, 0x00000000eab00000)
  object space 138752K, 48% used [0x00000000c0000000,0x00000000c41e0090,0x00000000c8780000)
 Metaspace       used 80028K, capacity 84492K, committed 84784K, reserved 1122304K
  class space    used 10295K, capacity 11197K, committed 11312K, reserved 1048576K
Event: 15939.855 GC heap after
Heap after GC invocations=35 (full 4):
 PSYoungGen      total 125952K, used 1296K [0x00000000eab00000, 0x00000000f5d80000, 0x0000000100000000)
  eden space 124416K, 0% used [0x00000000eab00000,0x00000000eab00000,0x00000000f2480000)
  from space 1536K, 84% used [0x00000000f2880000,0x00000000f29c4020,0x00000000f2a00000)
  to   space 29184K, 0% used [0x00000000f4100000,0x00000000f4100000,0x00000000f5d80000)
 ParOldGen       total 138752K, used 67464K [0x00000000c0000000, 0x00000000c8780000, 0x00000000eab00000)
  object space 138752K, 48% used [0x00000000c0000000,0x00000000c41e2090,0x00000000c8780000)
 Metaspace       used 80028K, capacity 84492K, committed 84784K, reserved 1122304K
  class space    used 10295K, capacity 11197K, committed 11312K, reserved 1048576K
}
Event: 16439.323 GC heap before
{Heap before GC invocations=36 (full 4):
 PSYoungGen      total 125952K, used 125712K [0x00000000eab00000, 0x00000000f5d80000, 0x0000000100000000)
  eden space 124416K, 100% used [0x00000000eab00000,0x00000000f2480000,0x00000000f2480000)
  from space 1536K, 84% used [0x00000000f2880000,0x00000000f29c4020,0x00000000f2a00000)
  to   space 29184K, 0% used [0x00000000f4100000,0x00000000f4100000,0x00000000f5d80000)
 ParOldGen       total 138752K, used 67464K [0x00000000c0000000, 0x00000000c8780000, 0x00000000eab00000)
  object space 138752K, 48% used [0x00000000c0000000,0x00000000c41e2090,0x00000000c8780000)
 Metaspace       used 80161K, capacity 84502K, committed 84784K, reserved 1122304K
  class space    used 10296K, capacity 11198K, committed 11312K, reserved 1048576K
Event: 16443.972 GC heap after
Heap after GC invocations=36 (full 4):
 PSYoungGen      total 144384K, used 4320K [0x00000000eab00000, 0x00000000f5880000, 0x0000000100000000)
  eden space 120320K, 0% used [0x00000000eab00000,0x00000000eab00000,0x00000000f2080000)
  from space 24064K, 17% used [0x00000000f4100000,0x00000000f4538030,0x00000000f5880000)
  to   space 28672K, 0% used [0x00000000f2080000,0x00000000f2080000,0x00000000f3c80000)
 ParOldGen       total 138752K, used 67472K [0x00000000c0000000, 0x00000000c8780000, 0x00000000eab00000)
  object space 138752K, 48% used [0x00000000c0000000,0x00000000c41e4090,0x00000000c8780000)
 Metaspace       used 80161K, capacity 84502K, committed 84784K, reserved 1122304K
  class space    used 10296K, capacity 11198K, committed 11312K, reserved 1048576K
}

