# JRE version: Java(TM) SE Runtime Environment (8.0_172-b11) (build 1.8.0_172-b11)
# Java VM: Java HotSpot(TM) 64-Bit Server VM (25.172-b11 mixed mode windows-amd64 compressed oops)
Heap:
 PSYoungGen      total 172032K, used 55126K [0x00000000eab00000, 0x00000000f7100000, 0x0000000100000000)
  eden space 157184K, 25% used [0x00000000eab00000,0x00000000ed25d988,0x00000000f4480000)
  from space 14848K, 99% used [0x00000000f6280000,0x00000000f70f8070,0x00000000f7100000)
  to   space 18944K, 0% used [0x00000000f4c00000,0x00000000f4c00000,0x00000000f5e80000)
 ParOldGen       total 90624K, used 45925K [0x00000000c0000000, 0x00000000c5880000, 0x00000000eab00000)
  object space 90624K, 50% used [0x00000000c0000000,0x00000000c2cd96e0,0x00000000c5880000)
 Metaspace       used 65115K, capacity 68310K, committed 68504K, reserved 1107968K
  class space    used 8631K, capacity 9290K, committed 9392K, reserved 1048576K
GC Heap History (10 events):
Event: 50.476 GC heap before
{Heap before GC invocations=19 (full 2):
 PSYoungGen      total 143872K, used 101923K [0x00000000eab00000, 0x00000000f4a80000, 0x0000000100000000)
  eden space 133120K, 69% used [0x00000000eab00000,0x00000000f04b8df8,0x00000000f2d00000)
  from space 10752K, 93% used [0x00000000f3880000,0x00000000f424ff58,0x00000000f4300000)
  to   space 11776K, 0% used [0x00000000f2d00000,0x00000000f2d00000,0x00000000f3880000)
 ParOldGen       total 46080K, used 32036K [0x00000000c0000000, 0x00000000c2d00000, 0x00000000eab00000)
  object space 46080K, 69% used [0x00000000c0000000,0x00000000c1f491b0,0x00000000c2d00000)
 Metaspace       used 57024K, capacity 59084K, committed 59160K, reserved 1099776K
  class space    used 7917K, capacity 8451K, committed 8496K, reserved 1048576K
Event: 50.521 GC heap after
Heap after GC invocations=19 (full 2):
 PSYoungGen      total 144896K, used 11747K [0x00000000eab00000, 0x00000000f7000000, 0x0000000100000000)
  eden space 133120K, 0% used [0x00000000eab00000,0x00000000eab00000,0x00000000f2d00000)
  from space 11776K, 99% used [0x00000000f2d00000,0x00000000f3878c50,0x00000000f3880000)
  to   space 15872K, 0% used [0x00000000f6080000,0x00000000f6080000,0x00000000f7000000)
 ParOldGen       total 46080K, used 37871K [0x00000000c0000000, 0x00000000c2d00000, 0x00000000eab00000)
  object space 46080K, 82% used [0x00000000c0000000,0x00000000c24fbe38,0x00000000c2d00000)
 Metaspace       used 57024K, capacity 59084K, committed 59160K, reserved 1099776K
  class space    used 7917K, capacity 8451K, committed 8496K, reserved 1048576K
}
Event: 50.521 GC heap before
{Heap before GC invocations=20 (full 3):
 PSYoungGen      total 144896K, used 11747K [0x00000000eab00000, 0x00000000f7000000, 0x0000000100000000)
  eden space 133120K, 0% used [0x00000000eab00000,0x00000000eab00000,0x00000000f2d00000)
  from space 11776K, 99% used [0x00000000f2d00000,0x00000000f3878c50,0x00000000f3880000)
  to   space 15872K, 0% used [0x00000000f6080000,0x00000000f6080000,0x00000000f7000000)
 ParOldGen       total 46080K, used 37871K [0x00000000c0000000, 0x00000000c2d00000, 0x00000000eab00000)
  object space 46080K, 82% used [0x00000000c0000000,0x00000000c24fbe38,0x00000000c2d00000)
 Metaspace       used 57024K, capacity 59084K, committed 59160K, reserved 1099776K
  class space    used 7917K, capacity 8451K, committed 8496K, reserved 1048576K
Event: 51.087 GC heap after
Heap after GC invocations=20 (full 3):
 PSYoungGen      total 144896K, used 438K [0x00000000eab00000, 0x00000000f7000000, 0x0000000100000000)
  eden space 133120K, 0% used [0x00000000eab00000,0x00000000eab00000,0x00000000f2d00000)
  from space 11776K, 3% used [0x00000000f2d00000,0x00000000f2d6da80,0x00000000f3880000)
  to   space 15872K, 0% used [0x00000000f6080000,0x00000000f6080000,0x00000000f7000000)
 ParOldGen       total 90624K, used 45749K [0x00000000c0000000, 0x00000000c5880000, 0x00000000eab00000)
  object space 90624K, 50% used [0x00000000c0000000,0x00000000c2cad620,0x00000000c5880000)
 Metaspace       used 57024K, capacity 59084K, committed 59160K, reserved 1099776K
  class space    used 7917K, capacity 8451K, committed 8496K, reserved 1048576K
}
Event: 309.674 GC heap before
{Heap before GC invocations=21 (full 3):
 PSYoungGen      total 144896K, used 133558K [0x00000000eab00000, 0x00000000f7000000, 0x0000000100000000)
  eden space 133120K, 100% used [0x00000000eab00000,0x00000000f2d00000,0x00000000f2d00000)
  from space 11776K, 3% used [0x00000000f2d00000,0x00000000f2d6da80,0x00000000f3880000)
  to   space 15872K, 0% used [0x00000000f6080000,0x00000000f6080000,0x00000000f7000000)
 ParOldGen       total 90624K, used 45749K [0x00000000c0000000, 0x00000000c5880000, 0x00000000eab00000)
  object space 90624K, 50% used [0x00000000c0000000,0x00000000c2cad620,0x00000000c5880000)
 Metaspace       used 62686K, capacity 64910K, committed 65048K, reserved 1105920K
  class space    used 8452K, capacity 9000K, committed 9008K, reserved 1048576K
Event: 311.078 GC heap after
Heap after GC invocations=21 (full 3):
 PSYoungGen      total 161792K, used 9509K [0x00000000eab00000, 0x00000000f6a00000, 0x0000000100000000)
  eden space 152064K, 0% used [0x00000000eab00000,0x00000000eab00000,0x00000000f3f80000)
  from space 9728K, 97% used [0x00000000f6080000,0x00000000f69c96d0,0x00000000f6a00000)
  to   space 15872K, 0% used [0x00000000f4b00000,0x00000000f4b00000,0x00000000f5a80000)
 ParOldGen       total 90624K, used 45909K [0x00000000c0000000, 0x00000000c5880000, 0x00000000eab00000)
  object space 90624K, 50% used [0x00000000c0000000,0x00000000c2cd56e0,0x00000000c5880000)
 Metaspace       used 62686K, capacity 64910K, committed 65048K, reserved 1105920K
  class space    used 8452K, capacity 9000K, committed 9008K, reserved 1048576K
}
Event: 1143.220 GC heap before
{Heap before GC invocations=22 (full 3):
 PSYoungGen      total 161792K, used 161573K [0x00000000eab00000, 0x00000000f6a00000, 0x0000000100000000)
  eden space 152064K, 100% used [0x00000000eab00000,0x00000000f3f80000,0x00000000f3f80000)
  from space 9728K, 97% used [0x00000000f6080000,0x00000000f69c96d0,0x00000000f6a00000)
  to   space 15872K, 0% used [0x00000000f4b00000,0x00000000f4b00000,0x00000000f5a80000)
 ParOldGen       total 90624K, used 45909K [0x00000000c0000000, 0x00000000c5880000, 0x00000000eab00000)
  object space 90624K, 50% used [0x00000000c0000000,0x00000000c2cd56e0,0x00000000c5880000)
 Metaspace       used 63944K, capacity 66492K, committed 66712K, reserved 1107968K
  class space    used 8516K, capacity 9107K, committed 9136K, reserved 1048576K
Event: 1143.831 GC heap after
Heap after GC invocations=22 (full 3):
 PSYoungGen      total 179712K, used 13792K [0x00000000eab00000, 0x00000000f7380000, 0x0000000100000000)
  eden space 163840K, 0% used [0x00000000eab00000,0x00000000eab00000,0x00000000f4b00000)
  from space 15872K, 86% used [0x00000000f4b00000,0x00000000f5878060,0x00000000f5a80000)
  to   space 17408K, 0% used [0x00000000f6280000,0x00000000f6280000,0x00000000f7380000)
 ParOldGen       total 90624K, used 45917K [0x00000000c0000000, 0x00000000c5880000, 0x00000000eab00000)
  object space 90624K, 50% used [0x00000000c0000000,0x00000000c2cd76e0,0x00000000c5880000)
 Metaspace       used 63944K, capacity 66492K, committed 66712K, reserved 1107968K
  class space    used 8516K, capacity 9107K, committed 9136K, reserved 1048576K
}
Event: 4367.660 GC heap before
{Heap before GC invocations=23 (full 3):
 PSYoungGen      total 179712K, used 177632K [0x00000000eab00000, 0x00000000f7380000, 0x0000000100000000)
  eden space 163840K, 100% used [0x00000000eab00000,0x00000000f4b00000,0x00000000f4b00000)
  from space 15872K, 86% used [0x00000000f4b00000,0x00000000f5878060,0x00000000f5a80000)
  to   space 17408K, 0% used [0x00000000f6280000,0x00000000f6280000,0x00000000f7380000)
 ParOldGen       total 90624K, used 45917K [0x00000000c0000000, 0x00000000c5880000, 0x00000000eab00000)
  object space 90624K, 50% used [0x00000000c0000000,0x00000000c2cd76e0,0x00000000c5880000)
 Metaspace       used 64787K, capacity 67910K, committed 68248K, reserved 1107968K
  class space    used 8608K, capacity 9268K, committed 9392K, reserved 1048576K
Event: 4368.298 GC heap after
Heap after GC invocations=23 (full 3):
 PSYoungGen      total 172032K, used 14816K [0x00000000eab00000, 0x00000000f7100000, 0x0000000100000000)
  eden space 157184K, 0% used [0x00000000eab00000,0x00000000eab00000,0x00000000f4480000)
  from space 14848K, 99% used [0x00000000f6280000,0x00000000f70f8070,0x00000000f7100000)
  to   space 18944K, 0% used [0x00000000f4c00000,0x00000000f4c00000,0x00000000f5e80000)
 ParOldGen       total 90624K, used 45925K [0x00000000c0000000, 0x00000000c5880000, 0x00000000eab00000)
  object space 90624K, 50% used [0x00000000c0000000,0x00000000c2cd96e0,0x00000000c5880000)
 Metaspace       used 64787K, capacity 67910K, committed 68248K, reserved 1107968K
  class space    used 8608K, capacity 9268K, committed 9392K, reserved 1048576K
}

